Build started 18/04/2016 17:45:52.
     1>Project "C:\VS2012Projects\DungeonDinner\DungeonDinner\DungeonDinner.vcxproj" on node 2 (Build target(s)).
     1>ClCompile:
         C:\Program Files (x86)\Microsoft Visual Studio 11.0\VC\bin\CL.exe /c /Ic:\allegro\include /ZI /nologo /W3 /WX- /Od /Oy- /D _MBCS /Gm /EHsc /RTC1 /MDd /GS /fp:precise /Zc:wchar_t /Zc:forScope /Fo"Debug\\" /Fd"Debug\vc110.pdb" /Gd /TP /analyze- /errorReport:prompt Board.cpp
         Board.cpp
     1>c:\vs2012projects\dungeondinner\dungeondinner\board.cpp(116): warning C4018: '<' : signed/unsigned mismatch
     1>c:\vs2012projects\dungeondinner\dungeondinner\board.cpp(132): warning C4018: '<' : signed/unsigned mismatch
     1>c:\vs2012projects\dungeondinner\dungeondinner\board.cpp(146): warning C4018: '>' : signed/unsigned mismatch
     1>c:\vs2012projects\dungeondinner\dungeondinner\board.cpp(154): warning C4018: '<' : signed/unsigned mismatch
     1>c:\vs2012projects\dungeondinner\dungeondinner\board.cpp(165): warning C4018: '<' : signed/unsigned mismatch
     1>c:\vs2012projects\dungeondinner\dungeondinner\board.cpp(225): warning C4018: '<' : signed/unsigned mismatch
     1>c:\vs2012projects\dungeondinner\dungeondinner\board.cpp(322): warning C4018: '<' : signed/unsigned mismatch
       Link:
         C:\Program Files (x86)\Microsoft Visual Studio 11.0\VC\bin\link.exe /ERRORREPORT:PROMPT /OUT:"C:\VS2012Projects\DungeonDinner\DungeonDinner\Debug\DungeonDinner.exe" /INCREMENTAL /NOLOGO /LIBPATH:c:\allegro\lib kernel32.lib user32.lib gdi32.lib winspool.lib comdlg32.lib advapi32.lib shell32.lib ole32.lib oleaut32.lib uuid.lib odbc32.lib odbccp32.lib "allegro-5.0.10-monolith-md-debug.lib" kernel32.lib user32.lib gdi32.lib winspool.lib comdlg32.lib advapi32.lib shell32.lib ole32.lib oleaut32.lib uuid.lib odbc32.lib odbccp32.lib /MANIFEST /MANIFESTUAC:"level='asInvoker' uiAccess='false'" /manifest:embed /DEBUG /PDB:"C:\VS2012Projects\DungeonDinner\DungeonDinner\Debug\DungeonDinner.pdb" /TLBID:1 /DYNAMICBASE /NXCOMPAT /IMPLIB:"C:\VS2012Projects\DungeonDinner\DungeonDinner\Debug\DungeonDinner.lib" /MACHINE:X86 Debug\Board.obj
         Debug\Game.obj
         Debug\main.obj
         Debug\Menu.obj
         Debug\Player.obj
         Debug\Window.obj
         DungeonDinner.vcxproj -> C:\VS2012Projects\DungeonDinner\DungeonDinner\Debug\DungeonDinner.exe
     1>Done Building Project "C:\VS2012Projects\DungeonDinner\DungeonDinner\DungeonDinner.vcxproj" (Build target(s)).

Build succeeded.

Time Elapsed 00:00:02.78
